<?xml version="1.0" encoding="UTF-8"?>
<!-- Generated by org.testng.reporters.JUnitReportReporter -->
<testsuite hostname="DESKTOP-NJSIQ4M" failures="0" tests="2" name="MarksCalculatorTest" time="0.029" errors="0" timestamp="2024-10-25T13:03:39 IST" skipped="0">
  <testcase classname="MarksCalculatorTest" name="testAverage" time="0.022"/>
  <system-out/>
  <testcase classname="MarksCalculatorTest" name="testGrade" time="0.007"/>
  <system-out/>
</testsuite> <!-- MarksCalculatorTest -->
